TN:
SF:/Users/minchangsung/git/GD-Service/src/views/Login.vue
FN:61,(anonymous_0)
FN:66,(anonymous_1)
FN:67,(anonymous_2)
FN:78,(anonymous_3)
FN:80,(anonymous_4)
FNF:5
FNH:5
FNDA:7,(anonymous_0)
FNDA:6,(anonymous_1)
FNDA:6,(anonymous_2)
FNDA:1,(anonymous_3)
FNDA:1,(anonymous_4)
DA:57,1
DA:61,7
DA:66,6
DA:67,6
DA:73,1
DA:74,1
DA:75,1
DA:79,1
DA:87,0
DA:90,0
DA:96,1
DA:97,1
LF:12
LH:10
BRDA:61,0,0,7
BRDA:61,0,1,6
BRDA:66,1,0,6
BRDA:66,1,1,3
BRDA:67,2,0,6
BRDA:67,2,1,4
BRDA:74,3,0,1
BRDA:74,3,1,0
BRDA:79,4,0,0
BRDA:79,4,1,0
BRF:10
BRH:7
end_of_record
TN:
SF:/Users/minchangsung/git/GD-Service/src/auth/index.js
FN:9,(anonymous_0)
FN:26,(anonymous_1)
FN:41,(anonymous_2)
FN:44,(anonymous_3)
FN:54,(anonymous_4)
FN:62,(anonymous_5)
FN:64,(anonymous_6)
FN:70,(anonymous_7)
FN:78,(anonymous_8)
FN:80,(anonymous_9)
FN:86,(anonymous_10)
FN:94,(anonymous_11)
FN:96,(anonymous_12)
FNF:13
FNH:2
FNDA:1,(anonymous_0)
FNDA:1,(anonymous_1)
FNDA:0,(anonymous_2)
FNDA:0,(anonymous_3)
FNDA:0,(anonymous_4)
FNDA:0,(anonymous_5)
FNDA:0,(anonymous_6)
FNDA:0,(anonymous_7)
FNDA:0,(anonymous_8)
FNDA:0,(anonymous_9)
FNDA:0,(anonymous_10)
FNDA:0,(anonymous_11)
FNDA:0,(anonymous_12)
DA:4,1
DA:5,1
DA:9,1
DA:10,1
DA:11,1
DA:20,1
DA:21,1
DA:26,1
DA:27,1
DA:28,1
DA:30,0
DA:31,0
DA:35,0
DA:41,0
DA:42,0
DA:43,0
DA:44,0
DA:45,0
DA:46,0
DA:48,0
DA:54,0
DA:55,0
DA:63,0
DA:65,0
DA:70,0
DA:71,0
DA:79,0
DA:81,0
DA:86,0
DA:87,0
DA:95,0
DA:97,0
LF:32
LH:10
BRDA:8,0,0,0
BRDA:27,1,0,1
BRDA:27,1,1,0
BRDA:45,2,0,0
BRDA:45,2,1,0
BRDA:53,3,0,0
BRDA:53,4,0,0
BRDA:69,5,0,0
BRDA:85,6,0,0
BRF:9
BRH:1
end_of_record
TN:
SF:/Users/minchangsung/git/GD-Service/src/auth/utils.js
FN:3,(anonymous_0)
FN:8,(anonymous_1)
FN:13,(anonymous_2)
FNF:3
FNH:2
FNDA:2,(anonymous_0)
FNDA:2,(anonymous_1)
FNDA:0,(anonymous_2)
DA:1,1
DA:3,1
DA:4,2
DA:5,2
DA:8,1
DA:9,2
DA:10,2
DA:13,1
DA:14,0
DA:15,0
LF:10
LH:8
BRDA:4,0,0,0
BRDA:4,0,1,2
BRDA:9,1,0,0
BRDA:9,1,1,2
BRDA:14,2,0,0
BRDA:14,2,1,0
BRF:6
BRH:2
end_of_record
TN:
SF:/Users/minchangsung/git/GD-Service/src/views/member/Index.vue
FNF:0
FNH:0
LF:0
LH:0
BRF:0
BRH:0
end_of_record
TN:
SF:/Users/minchangsung/git/GD-Service/src/views/member/components/Search.vue
FN:131,(anonymous_0)
FNF:1
FNH:1
FNDA:2,(anonymous_0)
DA:130,1
DA:132,2
LF:2
LH:2
BRF:0
BRH:0
end_of_record
TN:
SF:/Users/minchangsung/git/GD-Service/src/mixins/index.js
FNF:0
FNH:0
LF:0
LH:0
BRF:0
BRH:0
end_of_record
TN:
SF:/Users/minchangsung/git/GD-Service/src/mixins/search.js
FNF:0
FNH:0
DA:5,2
DA:13,8
DA:14,4
DA:15,4
DA:16,4
DA:17,4
DA:18,4
DA:24,2
DA:27,4
DA:31,2
LF:10
LH:10
BRDA:13,0,0,4
BRDA:13,0,1,4
BRF:2
BRH:2
end_of_record
TN:
SF:/Users/minchangsung/git/GD-Service/src/views/member/Member.vue
FN:134,(anonymous_0)
FN:138,(anonymous_1)
FN:149,(anonymous_2)
FN:154,(anonymous_3)
FNF:4
FNH:3
FNDA:6,(anonymous_0)
FNDA:2,(anonymous_1)
FNDA:0,(anonymous_2)
FNDA:2,(anonymous_3)
DA:116,1
DA:128,2
DA:129,2
DA:133,1
DA:134,1
DA:135,6
DA:136,6
DA:138,1
DA:139,2
DA:140,2
DA:141,2
DA:142,2
DA:144,1
DA:148,1
DA:149,1
DA:150,0
DA:154,11
DA:155,2
DA:156,2
DA:157,2
LF:20
LH:19
BRDA:155,0,0,2
BRDA:155,0,1,0
BRF:2
BRH:1
end_of_record
TN:
SF:/Users/minchangsung/git/GD-Service/src/views/member/components/ViewPopup.vue
FNF:0
FNH:0
DA:96,1
DA:103,1
DA:104,1
DA:110,1
LF:4
LH:4
BRDA:103,0,0,1
BRDA:103,0,1,0
BRF:2
BRH:1
end_of_record
TN:
SF:/Users/minchangsung/git/GD-Service/src/components/Pagination.vue
FN:49,(anonymous_0)
FNF:1
FNH:1
FNDA:7,(anonymous_0)
DA:38,2
DA:50,7
DA:51,7
DA:52,5
DA:53,5
DA:55,7
DA:62,7
DA:64,7
DA:65,7
DA:68,0
DA:69,0
DA:70,0
DA:73,0
DA:74,0
DA:75,0
DA:78,6
DA:79,6
LF:17
LH:11
BRDA:51,0,0,5
BRDA:51,0,1,2
BRDA:64,1,0,5
BRDA:64,1,1,2
BRDA:68,2,0,0
BRDA:68,2,1,0
BRDA:69,3,0,0
BRDA:69,3,1,0
BRDA:73,4,0,0
BRDA:73,4,1,0
BRF:10
BRH:4
end_of_record
TN:
SF:/Users/minchangsung/git/GD-Service/src/views/statistics/Index.vue
FNF:0
FNH:0
LF:0
LH:0
BRF:0
BRH:0
end_of_record
TN:
SF:/Users/minchangsung/git/GD-Service/src/views/statistics/components/Search.vue
FN:107,(anonymous_0)
FNF:1
FNH:1
FNDA:2,(anonymous_0)
DA:106,1
DA:108,2
LF:2
LH:2
BRF:0
BRH:0
end_of_record
TN:
SF:/Users/minchangsung/git/GD-Service/src/views/statistics/Member.vue
FN:168,(anonymous_0)
FN:172,(anonymous_1)
FN:182,(anonymous_2)
FNF:3
FNH:2
FNDA:6,(anonymous_0)
FNDA:2,(anonymous_1)
FNDA:0,(anonymous_2)
DA:145,1
DA:162,2
DA:163,2
DA:167,1
DA:168,1
DA:169,6
DA:170,6
DA:172,1
DA:173,2
DA:174,2
DA:175,2
DA:176,2
DA:178,1
DA:182,11
DA:183,0
DA:184,0
DA:185,0
DA:186,0
DA:187,0
DA:189,0
DA:193,0
DA:194,0
DA:195,0
LF:23
LH:14
BRDA:185,0,0,0
BRDA:185,0,1,0
BRF:2
BRH:0
end_of_record
TN:
SF:/Users/minchangsung/git/GD-Service/src/views/statistics/components/Graph.vue
FNF:0
FNH:0
LF:0
LH:0
BRF:0
BRH:0
end_of_record
TN:
SF:/Users/minchangsung/git/GD-Service/src/views/statistics/components/example/Doughnut.js
FNF:0
FNH:0
DA:8,1
DA:13,1
LF:2
LH:2
BRF:0
BRH:0
end_of_record
TN:
SF:/Users/minchangsung/git/GD-Service/src/views/statistics/components/example/Line.js
FNF:0
FNH:0
DA:8,1
DA:13,1
LF:2
LH:2
BRF:0
BRH:0
end_of_record
TN:
SF:/Users/minchangsung/git/GD-Service/src/App.vue
FNF:0
FNH:0
DA:22,0
DA:28,0
LF:2
LH:0
BRF:0
BRH:0
end_of_record
TN:
SF:/Users/minchangsung/git/GD-Service/src/views/layouts/LayoutDefault.vue
FN:52,(anonymous_0)
FN:55,(anonymous_1)
FNF:2
FNH:0
FNDA:0,(anonymous_0)
FNDA:0,(anonymous_1)
DA:37,0
DA:47,0
DA:48,0
DA:52,0
DA:53,0
DA:54,0
DA:55,0
DA:56,0
DA:57,0
LF:9
LH:0
BRDA:42,0,0,0
BRDA:42,0,1,0
BRDA:48,1,0,0
BRDA:48,1,1,0
BRF:4
BRH:0
end_of_record
TN:
SF:/Users/minchangsung/git/GD-Service/src/components/AppHeader.vue
FN:124,(anonymous_0)
FN:126,(anonymous_1)
FNF:2
FNH:0
FNDA:0,(anonymous_0)
FNDA:0,(anonymous_1)
DA:100,0
DA:108,0
DA:112,0
DA:116,0
DA:117,0
DA:118,0
DA:120,0
DA:124,0
DA:125,0
DA:127,0
LF:10
LH:0
BRDA:116,0,0,0
BRDA:116,0,1,0
BRF:2
BRH:0
end_of_record
TN:
SF:/Users/minchangsung/git/GD-Service/src/components/AppFooter.vue
FNF:0
FNH:0
LF:0
LH:0
BRF:0
BRH:0
end_of_record
TN:
SF:/Users/minchangsung/git/GD-Service/src/views/layouts/LayoutPubilc.vue
FNF:0
FNH:0
LF:0
LH:0
BRF:0
BRH:0
end_of_record
TN:
SF:/Users/minchangsung/git/GD-Service/src/directives/index.js
FNF:0
FNH:0
DA:2,1
DA:4,0
DA:7,0
DA:13,1
LF:4
LH:2
BRDA:7,0,0,0
BRDA:7,0,1,0
BRF:2
BRH:0
end_of_record
TN:
SF:/Users/minchangsung/git/GD-Service/src/router/index.js
FN:8,(anonymous_0)
FN:27,(anonymous_1)
FN:28,(anonymous_2)
FN:38,(anonymous_3)
FNF:4
FNH:0
FNDA:0,(anonymous_0)
FNDA:0,(anonymous_1)
FNDA:0,(anonymous_2)
FNDA:0,(anonymous_3)
DA:6,1
DA:8,1
DA:9,0
DA:10,0
DA:12,0
DA:24,1
DA:27,0
DA:28,0
DA:29,0
DA:30,0
DA:32,0
DA:38,1
DA:39,0
DA:40,0
DA:42,0
LF:15
LH:4
BRDA:9,0,0,0
BRDA:9,0,1,0
BRDA:29,1,0,0
BRDA:29,1,1,0
BRDA:39,2,0,0
BRDA:39,2,1,0
BRF:6
BRH:0
end_of_record
TN:
SF:/Users/minchangsung/git/GD-Service/src/router/routes.js
FN:10,(anonymous_0)
FNF:1
FNH:0
FNDA:0,(anonymous_0)
DA:10,1
DA:11,1
LF:2
LH:2
BRF:0
BRH:0
end_of_record
TN:
SF:/Users/minchangsung/git/GD-Service/src/views/authority/Index.vue
FN:135,(anonymous_0)
FN:146,(anonymous_1)
FNF:2
FNH:0
FNDA:0,(anonymous_0)
FNDA:0,(anonymous_1)
DA:118,0
DA:134,0
DA:135,0
DA:136,0
DA:137,0
DA:139,0
DA:143,0
DA:146,0
DA:147,0
DA:148,0
DA:149,0
LF:11
LH:0
BRDA:147,0,0,0
BRDA:147,0,1,0
BRF:2
BRH:0
end_of_record
TN:
SF:/Users/minchangsung/git/GD-Service/src/views/authority/registerPopup.vue
FNF:0
FNH:0
DA:101,1
DA:113,0
DA:128,0
DA:129,0
DA:130,0
DA:131,0
DA:132,0
DA:140,0
DA:143,0
DA:144,0
DA:145,0
DA:148,0
DA:151,0
LF:13
LH:1
BRDA:128,0,0,0
BRDA:128,0,1,0
BRDA:129,1,0,0
BRDA:129,1,1,0
BRDA:130,2,0,0
BRDA:130,2,1,0
BRDA:143,3,0,0
BRDA:143,3,1,0
BRF:8
BRH:0
end_of_record
TN:
SF:/Users/minchangsung/git/GD-Service/src/views/statistics/CurrentUse.vue
FN:198,(anonymous_0)
FN:202,(anonymous_1)
FN:212,(anonymous_2)
FNF:3
FNH:0
FNDA:0,(anonymous_0)
FNDA:0,(anonymous_1)
FNDA:0,(anonymous_2)
DA:180,0
DA:192,0
DA:193,0
DA:197,0
DA:198,0
DA:199,0
DA:200,0
DA:202,0
DA:203,0
DA:204,0
DA:205,0
DA:206,0
DA:208,0
DA:212,0
DA:213,0
DA:214,0
DA:215,0
LF:17
LH:0
BRDA:213,0,0,0
BRDA:213,0,1,0
BRF:2
BRH:0
end_of_record
TN:
SF:/Users/minchangsung/git/GD-Service/src/views/statistics/Sales.vue
FN:113,(anonymous_0)
FN:117,(anonymous_1)
FN:127,(anonymous_2)
FNF:3
FNH:0
FNDA:0,(anonymous_0)
FNDA:0,(anonymous_1)
FNDA:0,(anonymous_2)
DA:95,0
DA:107,0
DA:108,0
DA:112,0
DA:113,0
DA:114,0
DA:115,0
DA:117,0
DA:118,0
DA:119,0
DA:120,0
DA:121,0
DA:123,0
DA:127,0
DA:128,0
DA:129,0
DA:130,0
LF:17
LH:0
BRDA:128,0,0,0
BRDA:128,0,1,0
BRF:2
BRH:0
end_of_record
